<?xml version="1.0" encoding="UTF-8"?>
<!-- Generated by org.testng.reporters.JUnitReportReporter -->
<testsuite skipped="0" hostname="ASDA1711PO02529" name="com.arvind.Practice.TestNG.TestConsecutiveString" tests="1" failures="0" timestamp="05 Feb 2019 12:21:37 GMT" time="0.010" errors="0">
  <testcase name="testConsecutiveString" time="0.010" classname="com.arvind.Practice.TestNG.TestConsecutiveString"/>
</testsuite> <!-- com.arvind.Practice.TestNG.TestConsecutiveString -->
